
> log-viewer@0.1.0 build
> next build

   ▲ Next.js 15.3.1
   - Environments: .env.local

   Creating an optimized production build ...
 ✓ Compiled successfully in 4.0s
   Linting and checking validity of types ...
   Collecting page data ...
NextAuth configuration loading...
   Generating static pages (0/11) ...
   Generating static pages (2/11) 
   Generating static pages (5/11) 
   Generating static pages (8/11) 
 ✓ Generating static pages (11/11)
   Finalizing page optimization ...
   Collecting build traces ...

Route (app)                                 Size  First Load JS
┌ ○ /                                     6.9 kB         146 kB
├ ○ /_not-found                            978 B         102 kB
├ ƒ /api/auth/[...nextauth]                153 B         101 kB
├ ƒ /api/health                            153 B         101 kB
├ ƒ /api/logs                              153 B         101 kB
├ ƒ /api/logs/[id]                         153 B         101 kB
├ ƒ /api/projects                          153 B         101 kB
├ ƒ /api/projects/[id]                     153 B         101 kB
├ ƒ /api/projects/[id]/logs                153 B         101 kB
├ ƒ /api/projects/[id]/logs/check          153 B         101 kB
├ ○ /auth/error                          1.11 kB         106 kB
├ ○ /auth/signin                         1.39 kB         112 kB
├ ○ /auth/signout                          662 B         115 kB
└ ƒ /projects/[id]                       29.5 kB         160 kB
+ First Load JS shared by all             101 kB
  ├ chunks/4bd1b696-728c9f1b65078231.js  53.2 kB
  ├ chunks/684-cab48960c17c755d.js         46 kB
  └ other shared chunks (total)          1.91 kB


ƒ Middleware                             54.2 kB

○  (Static)   prerendered as static content
ƒ  (Dynamic)  server-rendered on demand

